Removed Pin From Net: NetName=CPU_A21 Pin=R5-1
Removed Pin From Net: NetName=SRAM_OE# Pin=R6-1
Removed Pin From Net: NetName=CPU_A22 Pin=R8-1
Removed Pin From Net: NetName=SRAM_WE# Pin=R9-1
Removed Pin From Net: NetName=CPU_A23 Pin=R11-1
Removed Pin From Net: NetName=SRAM_CE# Pin=R12-1
Removed Pin From Net: NetName=CPU_D0 Pin=R14-1
Removed Pin From Net: NetName=SRAM_UB# Pin=R15-1
Removed Pin From Net: NetName=CPU_D1 Pin=R17-1
Removed Pin From Net: NetName=CPU_D2 Pin=R20-1
Removed Pin From Net: NetName=CPU_D3 Pin=R23-1
Removed Pin From Net: NetName=CPU_D4 Pin=R26-1
Removed Pin From Net: NetName=CPU_D5 Pin=R29-1
Removed Pin From Net: NetName=CPU_D6 Pin=R32-1
Removed Pin From Net: NetName=CPU_D7 Pin=R35-1
Removed Pin From Net: NetName=CPU_D8 Pin=R38-1
Removed Pin From Net: NetName=CPU_D9 Pin=R41-1
Removed Pin From Net: NetName=CPU_D10 Pin=R44-1
Removed Pin From Net: NetName=CPU_D11 Pin=R47-1
Removed Pin From Net: NetName=CPU_D12 Pin=R50-1
Removed Pin From Net: NetName=CPU_D13 Pin=R53-1
Removed Pin From Net: NetName=CPU_D14 Pin=R56-1
Removed Pin From Net: NetName=CPU_D15 Pin=R59-1
Removed Pin From Net: NetName=CPU_ADS# Pin=R62-1
Removed Pin From Net: NetName=CPU_ADS# Pin=U2-25
Removed Pin From Net: NetName=CPU_D15 Pin=U2-26
Removed Pin From Net: NetName=CPU_D14 Pin=U2-27
Removed Pin From Net: NetName=CPU_D13 Pin=U2-28
Removed Pin From Net: NetName=CPU_D12 Pin=U2-29
Removed Pin From Net: NetName=CPU_D11 Pin=U2-30
Removed Pin From Net: NetName=CPU_D10 Pin=U2-31
Removed Pin From Net: NetName=CPU_D9 Pin=U2-32
Removed Pin From Net: NetName=CPU_D8 Pin=U2-33
Removed Pin From Net: NetName=CPU_D7 Pin=U2-34
Removed Pin From Net: NetName=CPU_D6 Pin=U2-35
Removed Pin From Net: NetName=CPU_D5 Pin=U2-36
Removed Pin From Net: NetName=CPU_D4 Pin=U2-37
Removed Pin From Net: NetName=CPU_D3 Pin=U2-38
Removed Pin From Net: NetName=CPU_D2 Pin=U2-39
Removed Pin From Net: NetName=CPU_D1 Pin=U2-40
Removed Pin From Net: NetName=CPU_D0 Pin=U2-41
Removed Pin From Net: NetName=CPU_A23 Pin=U2-42
Removed Pin From Net: NetName=CPU_A22 Pin=U2-43
Removed Pin From Net: NetName=CPU_A21 Pin=U2-44
Removed Pin From Net: NetName=SRAM_UB# Pin=U3-41
Removed Pin From Net: NetName=SRAM_CE# Pin=U3-42
Removed Pin From Net: NetName=SRAM_WE# Pin=U3-43
Removed Pin From Net: NetName=SRAM_OE# Pin=U3-44
Added Pin To Net: NetName=SRAM_OE# Pin=R5-1
Added Pin To Net: NetName=CPU_D13 Pin=R6-1
Added Pin To Net: NetName=SRAM_WE# Pin=R8-1
Added Pin To Net: NetName=CPU_D14 Pin=R9-1
Added Pin To Net: NetName=SRAM_CE# Pin=R11-1
Added Pin To Net: NetName=CPU_D15 Pin=R12-1
Added Pin To Net: NetName=SRAM_UB# Pin=R14-1
Added Pin To Net: NetName=CPU_ADS# Pin=R15-1
Added Pin To Net: NetName=CPU_A21 Pin=R17-1
Added Pin To Net: NetName=CPU_A22 Pin=R20-1
Added Pin To Net: NetName=CPU_A23 Pin=R23-1
Added Pin To Net: NetName=CPU_D0 Pin=R26-1
Added Pin To Net: NetName=CPU_D1 Pin=R29-1
Added Pin To Net: NetName=CPU_D2 Pin=R32-1
Added Pin To Net: NetName=CPU_D3 Pin=R35-1
Added Pin To Net: NetName=CPU_D4 Pin=R38-1
Added Pin To Net: NetName=CPU_D5 Pin=R41-1
Added Pin To Net: NetName=CPU_D6 Pin=R44-1
Added Pin To Net: NetName=CPU_D7 Pin=R47-1
Added Pin To Net: NetName=CPU_D8 Pin=R50-1
Added Pin To Net: NetName=CPU_D9 Pin=R53-1
Added Pin To Net: NetName=CPU_D10 Pin=R56-1
Added Pin To Net: NetName=CPU_D11 Pin=R59-1
Added Pin To Net: NetName=CPU_D12 Pin=R62-1
Added Pin To Net: NetName=CPU_D12 Pin=U2-25
Added Pin To Net: NetName=CPU_D11 Pin=U2-26
Added Pin To Net: NetName=CPU_D10 Pin=U2-27
Added Pin To Net: NetName=CPU_D9 Pin=U2-28
Added Pin To Net: NetName=CPU_D8 Pin=U2-29
Added Pin To Net: NetName=CPU_D7 Pin=U2-30
Added Pin To Net: NetName=CPU_D6 Pin=U2-31
Added Pin To Net: NetName=CPU_D5 Pin=U2-32
Added Pin To Net: NetName=CPU_D4 Pin=U2-33
Added Pin To Net: NetName=CPU_D3 Pin=U2-34
Added Pin To Net: NetName=CPU_D2 Pin=U2-35
Added Pin To Net: NetName=CPU_D1 Pin=U2-36
Added Pin To Net: NetName=CPU_D0 Pin=U2-37
Added Pin To Net: NetName=CPU_A23 Pin=U2-38
Added Pin To Net: NetName=CPU_A22 Pin=U2-39
Added Pin To Net: NetName=CPU_A21 Pin=U2-40
Added Pin To Net: NetName=SRAM_UB# Pin=U2-41
Added Pin To Net: NetName=SRAM_CE# Pin=U2-42
Added Pin To Net: NetName=SRAM_WE# Pin=U2-43
Added Pin To Net: NetName=SRAM_OE# Pin=U2-44
Added Pin To Net: NetName=CPU_ADS# Pin=U3-41
Added Pin To Net: NetName=CPU_D15 Pin=U3-42
Added Pin To Net: NetName=CPU_D14 Pin=U3-43
Added Pin To Net: NetName=CPU_D13 Pin=U3-44
