Removed Pin From Net: NetName=PIC_IR0 Pin=R70-1
Removed Pin From Net: NetName=PIC_IR1 Pin=R73-1
Removed Pin From Net: NetName=PIC_IR2 Pin=R76-1
Removed Pin From Net: NetName=PIC_IR3 Pin=R79-1
Removed Pin From Net: NetName=PIC_IR4 Pin=R82-1
Removed Pin From Net: NetName=PIC_IR5 Pin=R85-1
Removed Pin From Net: NetName=PIC_IR6 Pin=R88-1
Removed Pin From Net: NetName=PIC_IR7 Pin=R91-1
Removed Pin From Net: NetName=PIC_INT Pin=R94-1
Removed Pin From Net: NetName=PIC_SP/EN Pin=R97-1
Removed Pin From Net: NetName=PIC_SP/EN Pin=U6-35
Removed Pin From Net: NetName=PIC_INT Pin=U6-36
Removed Pin From Net: NetName=PIC_IR7 Pin=U6-37
Removed Pin From Net: NetName=PIC_IR6 Pin=U6-38
Removed Pin From Net: NetName=PIC_IR5 Pin=U6-39
Removed Pin From Net: NetName=PIC_IR4 Pin=U6-40
Removed Pin From Net: NetName=PIC_IR3 Pin=U6-41
Removed Pin From Net: NetName=PIC_IR2 Pin=U6-42
Removed Pin From Net: NetName=PIC_IR1 Pin=U6-43
Removed Pin From Net: NetName=PIC_IR0 Pin=U6-44
Added Pin To Net: NetName=PIC_SP/EN Pin=R70-1
Added Pin To Net: NetName=PIC_INT Pin=R73-1
Added Pin To Net: NetName=PIC_IR0 Pin=R76-1
Added Pin To Net: NetName=PIC_IR1 Pin=R79-1
Added Pin To Net: NetName=PIC_IR2 Pin=R82-1
Added Pin To Net: NetName=PIC_IR3 Pin=R85-1
Added Pin To Net: NetName=PIC_IR4 Pin=R88-1
Added Pin To Net: NetName=PIC_IR5 Pin=R91-1
Added Pin To Net: NetName=PIC_IR6 Pin=R94-1
Added Pin To Net: NetName=PIC_IR7 Pin=R97-1
Added Pin To Net: NetName=PIC_IR7 Pin=U6-35
Added Pin To Net: NetName=PIC_IR6 Pin=U6-36
Added Pin To Net: NetName=PIC_IR5 Pin=U6-37
Added Pin To Net: NetName=PIC_IR4 Pin=U6-38
Added Pin To Net: NetName=PIC_IR3 Pin=U6-39
Added Pin To Net: NetName=PIC_IR2 Pin=U6-40
Added Pin To Net: NetName=PIC_IR1 Pin=U6-41
Added Pin To Net: NetName=PIC_IR0 Pin=U6-42
Added Pin To Net: NetName=PIC_INT Pin=U6-43
Added Pin To Net: NetName=PIC_SP/EN Pin=U6-44
