Removed Pin From Net: NetName=UART_RX Pin=U4-122
Removed Pin From Net: NetName=UART_RX Pin=U4-122
Removed Pin From Net: NetName=UART_RX Pin=U4-122
Removed Pin From Net: NetName=UART_RX Pin=U4-122
Removed Pin From Net: NetName=UART_TX Pin=U4-123
Removed Pin From Net: NetName=UART_TX Pin=U4-123
Removed Pin From Net: NetName=UART_TX Pin=U4-123
Removed Pin From Net: NetName=UART_TX Pin=U4-123
Removed Pin From Net: NetName=SD_DAT1 Pin=U4-124
Removed Pin From Net: NetName=SD_DAT1 Pin=U4-124
Removed Pin From Net: NetName=SD_DAT1 Pin=U4-124
Removed Pin From Net: NetName=SD_DAT1 Pin=U4-124
Removed Pin From Net: NetName=SD_DAT0 Pin=U4-125
Removed Pin From Net: NetName=SD_DAT0 Pin=U4-125
Removed Pin From Net: NetName=SD_DAT0 Pin=U4-125
Removed Pin From Net: NetName=SD_DAT0 Pin=U4-125
Removed Pin From Net: NetName=SD_CLK Pin=U4-126
Removed Pin From Net: NetName=SD_CLK Pin=U4-126
Removed Pin From Net: NetName=SD_CLK Pin=U4-126
Removed Pin From Net: NetName=SD_CLK Pin=U4-126
Removed Pin From Net: NetName=SD_CMD Pin=U4-127
Removed Pin From Net: NetName=SD_CMD Pin=U4-127
Removed Pin From Net: NetName=SD_CMD Pin=U4-127
Removed Pin From Net: NetName=SD_CMD Pin=U4-127
Removed Pin From Net: NetName=SD_DAT3 Pin=U4-128
Removed Pin From Net: NetName=SD_DAT3 Pin=U4-128
Removed Pin From Net: NetName=SD_DAT3 Pin=U4-128
Removed Pin From Net: NetName=SD_DAT3 Pin=U4-128
Removed Pin From Net: NetName=SD_DAT2 Pin=U4-129
Removed Pin From Net: NetName=SD_DAT2 Pin=U4-129
Removed Pin From Net: NetName=SD_DAT2 Pin=U4-129
Removed Pin From Net: NetName=SD_DAT2 Pin=U4-129
Added Pin To Net: NetName=SD_DAT1 Pin=U4-122
Added Pin To Net: NetName=SD_DAT1 Pin=U4-122
Added Pin To Net: NetName=SD_DAT1 Pin=U4-122
Added Pin To Net: NetName=SD_DAT1 Pin=U4-122
Added Pin To Net: NetName=SD_DAT0 Pin=U4-123
Added Pin To Net: NetName=SD_DAT0 Pin=U4-123
Added Pin To Net: NetName=SD_DAT0 Pin=U4-123
Added Pin To Net: NetName=SD_DAT0 Pin=U4-123
Added Pin To Net: NetName=SD_CLK Pin=U4-124
Added Pin To Net: NetName=SD_CLK Pin=U4-124
Added Pin To Net: NetName=SD_CLK Pin=U4-124
Added Pin To Net: NetName=SD_CLK Pin=U4-124
Added Pin To Net: NetName=SD_CMD Pin=U4-125
Added Pin To Net: NetName=SD_CMD Pin=U4-125
Added Pin To Net: NetName=SD_CMD Pin=U4-125
Added Pin To Net: NetName=SD_CMD Pin=U4-125
Added Pin To Net: NetName=SD_DAT3 Pin=U4-126
Added Pin To Net: NetName=SD_DAT3 Pin=U4-126
Added Pin To Net: NetName=SD_DAT3 Pin=U4-126
Added Pin To Net: NetName=SD_DAT3 Pin=U4-126
Added Pin To Net: NetName=SD_DAT2 Pin=U4-127
Added Pin To Net: NetName=SD_DAT2 Pin=U4-127
Added Pin To Net: NetName=SD_DAT2 Pin=U4-127
Added Pin To Net: NetName=SD_DAT2 Pin=U4-127
Added Pin To Net: NetName=UART_RX Pin=U4-128
Added Pin To Net: NetName=UART_RX Pin=U4-128
Added Pin To Net: NetName=UART_RX Pin=U4-128
Added Pin To Net: NetName=UART_RX Pin=U4-128
Added Pin To Net: NetName=UART_TX Pin=U4-129
Added Pin To Net: NetName=UART_TX Pin=U4-129
Added Pin To Net: NetName=UART_TX Pin=U4-129
Added Pin To Net: NetName=UART_TX Pin=U4-129
