Removed Pin From Net: NetName=CPU_D13 Pin=R6-1
Removed Pin From Net: NetName=CPU_D14 Pin=R9-1
Removed Pin From Net: NetName=CPU_D15 Pin=R12-1
Removed Pin From Net: NetName=CPU_ADS# Pin=R15-1
Removed Pin From Net: NetName=CPU_A21 Pin=R17-1
Removed Pin From Net: NetName=CPU_BHE# Pin=R18-1
Removed Pin From Net: NetName=CPU_A22 Pin=R20-1
Removed Pin From Net: NetName=CPU_BLE# Pin=R21-1
Removed Pin From Net: NetName=CPU_A23 Pin=R23-1
Removed Pin From Net: NetName=CPU_CLK2 Pin=R24-1
Removed Pin From Net: NetName=CPU_D0 Pin=R26-1
Removed Pin From Net: NetName=CPU_D/C# Pin=R27-1
Removed Pin From Net: NetName=CPU_D1 Pin=R29-1
Removed Pin From Net: NetName=CPU_FLT# Pin=R30-1
Removed Pin From Net: NetName=CPU_D2 Pin=R32-1
Removed Pin From Net: NetName=CPU_HLDA Pin=R33-1
Removed Pin From Net: NetName=CPU_D3 Pin=R35-1
Removed Pin From Net: NetName=CPU_HOLD Pin=R36-1
Removed Pin From Net: NetName=CPU_D4 Pin=R38-1
Removed Pin From Net: NetName=CPU_INTR Pin=R39-1
Removed Pin From Net: NetName=CPU_D5 Pin=R41-1
Removed Pin From Net: NetName=CPU_LOCK# Pin=R42-1
Removed Pin From Net: NetName=CPU_D6 Pin=R44-1
Removed Pin From Net: NetName=CPU_M/IO# Pin=R45-1
Removed Pin From Net: NetName=CPU_D7 Pin=R47-1
Removed Pin From Net: NetName=CPU_NA# Pin=R48-1
Removed Pin From Net: NetName=CPU_D8 Pin=R50-1
Removed Pin From Net: NetName=CPU_NMI Pin=R51-1
Removed Pin From Net: NetName=CPU_D9 Pin=R53-1
Removed Pin From Net: NetName=CPU_PEREQ Pin=R54-1
Removed Pin From Net: NetName=CPU_D10 Pin=R56-1
Removed Pin From Net: NetName=CPU_READY# Pin=R57-1
Removed Pin From Net: NetName=CPU_D11 Pin=R59-1
Removed Pin From Net: NetName=CPU_RESET Pin=R60-1
Removed Pin From Net: NetName=CPU_D12 Pin=R62-1
Removed Pin From Net: NetName=CPU_W/R# Pin=R63-1
Removed Pin From Net: NetName=DMA_DREQ2 Pin=R68-1
Removed Pin From Net: NetName=DMA_DREQ3 Pin=R69-1
Removed Pin From Net: NetName=PIT_GATE1 Pin=R70-1
Removed Pin From Net: NetName=SRAM_LB# Pin=R71-1
Removed Pin From Net: NetName=DMA_DACK3 Pin=R72-1
Removed Pin From Net: NetName=PIT_GATE2 Pin=R73-1
Removed Pin From Net: NetName=DMA_A0 Pin=R75-1
Removed Pin From Net: NetName=PIT_OUT0 Pin=R76-1
Removed Pin From Net: NetName=DMA_A1 Pin=R78-1
Removed Pin From Net: NetName=PIT_OUT1 Pin=R79-1
Removed Pin From Net: NetName=DMA_A2 Pin=R81-1
Removed Pin From Net: NetName=PIT_OUT2 Pin=R82-1
Removed Pin From Net: NetName=DMA_A3 Pin=R84-1
Removed Pin From Net: NetName=PIC_CS Pin=R85-1
Removed Pin From Net: NetName=DMA_A4 Pin=R87-1
Removed Pin From Net: NetName=PIC_WR Pin=R88-1
Removed Pin From Net: NetName=DMA_A5 Pin=R90-1
Removed Pin From Net: NetName=PIC_RD Pin=R91-1
Removed Pin From Net: NetName=DMA_A6 Pin=R93-1
Removed Pin From Net: NetName=PIC_A0 Pin=R94-1
Removed Pin From Net: NetName=DMA_A7 Pin=R96-1
Removed Pin From Net: NetName=PIC_INTA Pin=R97-1
Removed Pin From Net: NetName=PIT_CLK0 Pin=R99-1
Removed Pin From Net: NetName=PIC_IR0 Pin=R100-1
Removed Pin From Net: NetName=PIT_CLK1 Pin=R102-1
Removed Pin From Net: NetName=PIC_IR1 Pin=R103-1
Removed Pin From Net: NetName=PIT_CLK2 Pin=R105-1
Removed Pin From Net: NetName=PIC_IR2 Pin=R106-1
Removed Pin From Net: NetName=PIT_CS Pin=R108-1
Removed Pin From Net: NetName=PIC_IR3 Pin=R109-1
Removed Pin From Net: NetName=PIT_RD Pin=R111-1
Removed Pin From Net: NetName=PIC_IR4 Pin=R112-1
Removed Pin From Net: NetName=PIT_WR Pin=R114-1
Removed Pin From Net: NetName=PIC_IR5 Pin=R115-1
Removed Pin From Net: NetName=PIT_A0 Pin=R117-1
Removed Pin From Net: NetName=PIC_IR6 Pin=R118-1
Removed Pin From Net: NetName=PIT_A1 Pin=R120-1
Removed Pin From Net: NetName=PIC_IR7 Pin=R121-1
Removed Pin From Net: NetName=PIT_GATE0 Pin=R123-1
Removed Pin From Net: NetName=PIC_INT Pin=R124-1
Removed Pin From Net: NetName=PIC_SP/EN Pin=R126-1
Removed Pin From Net: NetName=CPU_D12 Pin=U2-25
Removed Pin From Net: NetName=CPU_D11 Pin=U2-26
Removed Pin From Net: NetName=CPU_D10 Pin=U2-27
Removed Pin From Net: NetName=CPU_D9 Pin=U2-28
Removed Pin From Net: NetName=CPU_D8 Pin=U2-29
Removed Pin From Net: NetName=CPU_D7 Pin=U2-30
Removed Pin From Net: NetName=CPU_D6 Pin=U2-31
Removed Pin From Net: NetName=CPU_D5 Pin=U2-32
Removed Pin From Net: NetName=CPU_D4 Pin=U2-33
Removed Pin From Net: NetName=CPU_D3 Pin=U2-34
Removed Pin From Net: NetName=CPU_D2 Pin=U2-35
Removed Pin From Net: NetName=CPU_D1 Pin=U2-36
Removed Pin From Net: NetName=CPU_D0 Pin=U2-37
Removed Pin From Net: NetName=CPU_A23 Pin=U2-38
Removed Pin From Net: NetName=CPU_A22 Pin=U2-39
Removed Pin From Net: NetName=CPU_A21 Pin=U2-40
Removed Pin From Net: NetName=CPU_W/R# Pin=U3-25
Removed Pin From Net: NetName=CPU_RESET Pin=U3-26
Removed Pin From Net: NetName=CPU_READY# Pin=U3-27
Removed Pin From Net: NetName=CPU_PEREQ Pin=U3-28
Removed Pin From Net: NetName=CPU_NMI Pin=U3-29
Removed Pin From Net: NetName=CPU_NA# Pin=U3-30
Removed Pin From Net: NetName=CPU_M/IO# Pin=U3-31
Removed Pin From Net: NetName=CPU_LOCK# Pin=U3-32
Removed Pin From Net: NetName=CPU_INTR Pin=U3-33
Removed Pin From Net: NetName=CPU_HOLD Pin=U3-34
Removed Pin From Net: NetName=CPU_HLDA Pin=U3-35
Removed Pin From Net: NetName=CPU_FLT# Pin=U3-36
Removed Pin From Net: NetName=CPU_D/C# Pin=U3-37
Removed Pin From Net: NetName=CPU_CLK2 Pin=U3-38
Removed Pin From Net: NetName=CPU_BLE# Pin=U3-39
Removed Pin From Net: NetName=CPU_BHE# Pin=U3-40
Removed Pin From Net: NetName=CPU_ADS# Pin=U3-41
Removed Pin From Net: NetName=CPU_D15 Pin=U3-42
Removed Pin From Net: NetName=CPU_D14 Pin=U3-43
Removed Pin From Net: NetName=CPU_D13 Pin=U3-44
Removed Pin From Net: NetName=PIT_GATE0 Pin=U5-25
Removed Pin From Net: NetName=PIT_A1 Pin=U5-26
Removed Pin From Net: NetName=PIT_A0 Pin=U5-27
Removed Pin From Net: NetName=PIT_WR Pin=U5-28
Removed Pin From Net: NetName=PIT_RD Pin=U5-29
Removed Pin From Net: NetName=PIT_CS Pin=U5-30
Removed Pin From Net: NetName=PIT_CLK2 Pin=U5-31
Removed Pin From Net: NetName=PIT_CLK1 Pin=U5-32
Removed Pin From Net: NetName=PIT_CLK0 Pin=U5-33
Removed Pin From Net: NetName=DMA_A7 Pin=U5-34
Removed Pin From Net: NetName=DMA_A6 Pin=U5-35
Removed Pin From Net: NetName=DMA_A5 Pin=U5-36
Removed Pin From Net: NetName=DMA_A4 Pin=U5-37
Removed Pin From Net: NetName=DMA_A3 Pin=U5-38
Removed Pin From Net: NetName=DMA_A2 Pin=U5-39
Removed Pin From Net: NetName=DMA_A1 Pin=U5-40
Removed Pin From Net: NetName=DMA_A0 Pin=U5-41
Removed Pin From Net: NetName=DMA_DACK3 Pin=U5-42
Removed Pin From Net: NetName=DMA_DREQ3 Pin=U5-43
Removed Pin From Net: NetName=DMA_DREQ2 Pin=U5-44
Removed Pin From Net: NetName=PIC_SP/EN Pin=U6-25
Removed Pin From Net: NetName=PIC_INT Pin=U6-26
Removed Pin From Net: NetName=PIC_IR7 Pin=U6-27
Removed Pin From Net: NetName=PIC_IR6 Pin=U6-28
Removed Pin From Net: NetName=PIC_IR5 Pin=U6-29
Removed Pin From Net: NetName=PIC_IR4 Pin=U6-30
Removed Pin From Net: NetName=PIC_IR3 Pin=U6-31
Removed Pin From Net: NetName=PIC_IR2 Pin=U6-32
Removed Pin From Net: NetName=PIC_IR1 Pin=U6-33
Removed Pin From Net: NetName=PIC_IR0 Pin=U6-34
Removed Pin From Net: NetName=PIC_INTA Pin=U6-35
Removed Pin From Net: NetName=PIC_A0 Pin=U6-36
Removed Pin From Net: NetName=PIC_RD Pin=U6-37
Removed Pin From Net: NetName=PIC_WR Pin=U6-38
Removed Pin From Net: NetName=PIC_CS Pin=U6-39
Removed Pin From Net: NetName=PIT_OUT2 Pin=U6-40
Removed Pin From Net: NetName=PIT_OUT1 Pin=U6-41
Removed Pin From Net: NetName=PIT_OUT0 Pin=U6-42
Removed Pin From Net: NetName=PIT_GATE2 Pin=U6-43
Removed Pin From Net: NetName=PIT_GATE1 Pin=U6-44
Removed Pin From Net: NetName=SRAM_LB# Pin=U7-44
Added Pin To Net: NetName=CPU_D12 Pin=R6-1
Added Pin To Net: NetName=CPU_D13 Pin=R9-1
Added Pin To Net: NetName=CPU_D14 Pin=R12-1
Added Pin To Net: NetName=CPU_D15 Pin=R15-1
Added Pin To Net: NetName=SRAM_LB# Pin=R17-1
Added Pin To Net: NetName=CPU_ADS# Pin=R18-1
Added Pin To Net: NetName=CPU_A21 Pin=R20-1
Added Pin To Net: NetName=CPU_BHE# Pin=R21-1
Added Pin To Net: NetName=CPU_A22 Pin=R23-1
Added Pin To Net: NetName=CPU_BLE# Pin=R24-1
Added Pin To Net: NetName=CPU_A23 Pin=R26-1
Added Pin To Net: NetName=CPU_CLK2 Pin=R27-1
Added Pin To Net: NetName=CPU_D0 Pin=R29-1
Added Pin To Net: NetName=CPU_D/C# Pin=R30-1
Added Pin To Net: NetName=CPU_D1 Pin=R32-1
Added Pin To Net: NetName=CPU_FLT# Pin=R33-1
Added Pin To Net: NetName=CPU_D2 Pin=R35-1
Added Pin To Net: NetName=CPU_HLDA Pin=R36-1
Added Pin To Net: NetName=CPU_D3 Pin=R38-1
Added Pin To Net: NetName=CPU_HOLD Pin=R39-1
Added Pin To Net: NetName=CPU_D4 Pin=R41-1
Added Pin To Net: NetName=CPU_INTR Pin=R42-1
Added Pin To Net: NetName=CPU_D5 Pin=R44-1
Added Pin To Net: NetName=CPU_LOCK# Pin=R45-1
Added Pin To Net: NetName=CPU_D6 Pin=R47-1
Added Pin To Net: NetName=CPU_M/IO# Pin=R48-1
Added Pin To Net: NetName=CPU_D7 Pin=R50-1
Added Pin To Net: NetName=CPU_NA# Pin=R51-1
Added Pin To Net: NetName=CPU_D8 Pin=R53-1
Added Pin To Net: NetName=CPU_NMI Pin=R54-1
Added Pin To Net: NetName=CPU_D9 Pin=R56-1
Added Pin To Net: NetName=CPU_PEREQ Pin=R57-1
Added Pin To Net: NetName=CPU_D10 Pin=R59-1
Added Pin To Net: NetName=CPU_READY# Pin=R60-1
Added Pin To Net: NetName=CPU_D11 Pin=R62-1
Added Pin To Net: NetName=CPU_RESET Pin=R63-1
Added Pin To Net: NetName=CPU_W/R# Pin=R68-1
Added Pin To Net: NetName=DMA_DREQ2 Pin=R69-1
Added Pin To Net: NetName=PIT_GATE0 Pin=R70-1
Added Pin To Net: NetName=PIC_SP/EN Pin=R71-1
Added Pin To Net: NetName=DMA_DREQ3 Pin=R72-1
Added Pin To Net: NetName=PIT_GATE1 Pin=R73-1
Added Pin To Net: NetName=DMA_DACK3 Pin=R75-1
Added Pin To Net: NetName=PIT_GATE2 Pin=R76-1
Added Pin To Net: NetName=DMA_A0 Pin=R78-1
Added Pin To Net: NetName=PIT_OUT0 Pin=R79-1
Added Pin To Net: NetName=DMA_A1 Pin=R81-1
Added Pin To Net: NetName=PIT_OUT1 Pin=R82-1
Added Pin To Net: NetName=DMA_A2 Pin=R84-1
Added Pin To Net: NetName=PIT_OUT2 Pin=R85-1
Added Pin To Net: NetName=DMA_A3 Pin=R87-1
Added Pin To Net: NetName=PIC_CS Pin=R88-1
Added Pin To Net: NetName=DMA_A4 Pin=R90-1
Added Pin To Net: NetName=PIC_WR Pin=R91-1
Added Pin To Net: NetName=DMA_A5 Pin=R93-1
Added Pin To Net: NetName=PIC_RD Pin=R94-1
Added Pin To Net: NetName=DMA_A6 Pin=R96-1
Added Pin To Net: NetName=PIC_A0 Pin=R97-1
Added Pin To Net: NetName=DMA_A7 Pin=R99-1
Added Pin To Net: NetName=PIC_INTA Pin=R100-1
Added Pin To Net: NetName=PIT_CLK0 Pin=R102-1
Added Pin To Net: NetName=PIC_IR0 Pin=R103-1
Added Pin To Net: NetName=PIT_CLK1 Pin=R105-1
Added Pin To Net: NetName=PIC_IR1 Pin=R106-1
Added Pin To Net: NetName=PIT_CLK2 Pin=R108-1
Added Pin To Net: NetName=PIC_IR2 Pin=R109-1
Added Pin To Net: NetName=PIT_CS Pin=R111-1
Added Pin To Net: NetName=PIC_IR3 Pin=R112-1
Added Pin To Net: NetName=PIT_RD Pin=R114-1
Added Pin To Net: NetName=PIC_IR4 Pin=R115-1
Added Pin To Net: NetName=PIT_WR Pin=R117-1
Added Pin To Net: NetName=PIC_IR5 Pin=R118-1
Added Pin To Net: NetName=PIT_A0 Pin=R120-1
Added Pin To Net: NetName=PIC_IR6 Pin=R121-1
Added Pin To Net: NetName=PIT_A1 Pin=R123-1
Added Pin To Net: NetName=PIC_IR7 Pin=R124-1
Added Pin To Net: NetName=PIC_INT Pin=R126-1
Added Pin To Net: NetName=CPU_D11 Pin=U2-25
Added Pin To Net: NetName=CPU_D10 Pin=U2-26
Added Pin To Net: NetName=CPU_D9 Pin=U2-27
Added Pin To Net: NetName=CPU_D8 Pin=U2-28
Added Pin To Net: NetName=CPU_D7 Pin=U2-29
Added Pin To Net: NetName=CPU_D6 Pin=U2-30
Added Pin To Net: NetName=CPU_D5 Pin=U2-31
Added Pin To Net: NetName=CPU_D4 Pin=U2-32
Added Pin To Net: NetName=CPU_D3 Pin=U2-33
Added Pin To Net: NetName=CPU_D2 Pin=U2-34
Added Pin To Net: NetName=CPU_D1 Pin=U2-35
Added Pin To Net: NetName=CPU_D0 Pin=U2-36
Added Pin To Net: NetName=CPU_A23 Pin=U2-37
Added Pin To Net: NetName=CPU_A22 Pin=U2-38
Added Pin To Net: NetName=CPU_A21 Pin=U2-39
Added Pin To Net: NetName=SRAM_LB# Pin=U2-40
Added Pin To Net: NetName=CPU_RESET Pin=U3-25
Added Pin To Net: NetName=CPU_READY# Pin=U3-26
Added Pin To Net: NetName=CPU_PEREQ Pin=U3-27
Added Pin To Net: NetName=CPU_NMI Pin=U3-28
Added Pin To Net: NetName=CPU_NA# Pin=U3-29
Added Pin To Net: NetName=CPU_M/IO# Pin=U3-30
Added Pin To Net: NetName=CPU_LOCK# Pin=U3-31
Added Pin To Net: NetName=CPU_INTR Pin=U3-32
Added Pin To Net: NetName=CPU_HOLD Pin=U3-33
Added Pin To Net: NetName=CPU_HLDA Pin=U3-34
Added Pin To Net: NetName=CPU_FLT# Pin=U3-35
Added Pin To Net: NetName=CPU_D/C# Pin=U3-36
Added Pin To Net: NetName=CPU_CLK2 Pin=U3-37
Added Pin To Net: NetName=CPU_BLE# Pin=U3-38
Added Pin To Net: NetName=CPU_BHE# Pin=U3-39
Added Pin To Net: NetName=CPU_ADS# Pin=U3-40
Added Pin To Net: NetName=CPU_D15 Pin=U3-41
Added Pin To Net: NetName=CPU_D14 Pin=U3-42
Added Pin To Net: NetName=CPU_D13 Pin=U3-43
Added Pin To Net: NetName=CPU_D12 Pin=U3-44
Added Pin To Net: NetName=PIT_A1 Pin=U5-25
Added Pin To Net: NetName=PIT_A0 Pin=U5-26
Added Pin To Net: NetName=PIT_WR Pin=U5-27
Added Pin To Net: NetName=PIT_RD Pin=U5-28
Added Pin To Net: NetName=PIT_CS Pin=U5-29
Added Pin To Net: NetName=PIT_CLK2 Pin=U5-30
Added Pin To Net: NetName=PIT_CLK1 Pin=U5-31
Added Pin To Net: NetName=PIT_CLK0 Pin=U5-32
Added Pin To Net: NetName=DMA_A7 Pin=U5-33
Added Pin To Net: NetName=DMA_A6 Pin=U5-34
Added Pin To Net: NetName=DMA_A5 Pin=U5-35
Added Pin To Net: NetName=DMA_A4 Pin=U5-36
Added Pin To Net: NetName=DMA_A3 Pin=U5-37
Added Pin To Net: NetName=DMA_A2 Pin=U5-38
Added Pin To Net: NetName=DMA_A1 Pin=U5-39
Added Pin To Net: NetName=DMA_A0 Pin=U5-40
Added Pin To Net: NetName=DMA_DACK3 Pin=U5-41
Added Pin To Net: NetName=DMA_DREQ3 Pin=U5-42
Added Pin To Net: NetName=DMA_DREQ2 Pin=U5-43
Added Pin To Net: NetName=CPU_W/R# Pin=U5-44
Added Pin To Net: NetName=PIC_INT Pin=U6-25
Added Pin To Net: NetName=PIC_IR7 Pin=U6-26
Added Pin To Net: NetName=PIC_IR6 Pin=U6-27
Added Pin To Net: NetName=PIC_IR5 Pin=U6-28
Added Pin To Net: NetName=PIC_IR4 Pin=U6-29
Added Pin To Net: NetName=PIC_IR3 Pin=U6-30
Added Pin To Net: NetName=PIC_IR2 Pin=U6-31
Added Pin To Net: NetName=PIC_IR1 Pin=U6-32
Added Pin To Net: NetName=PIC_IR0 Pin=U6-33
Added Pin To Net: NetName=PIC_INTA Pin=U6-34
Added Pin To Net: NetName=PIC_A0 Pin=U6-35
Added Pin To Net: NetName=PIC_RD Pin=U6-36
Added Pin To Net: NetName=PIC_WR Pin=U6-37
Added Pin To Net: NetName=PIC_CS Pin=U6-38
Added Pin To Net: NetName=PIT_OUT2 Pin=U6-39
Added Pin To Net: NetName=PIT_OUT1 Pin=U6-40
Added Pin To Net: NetName=PIT_OUT0 Pin=U6-41
Added Pin To Net: NetName=PIT_GATE2 Pin=U6-42
Added Pin To Net: NetName=PIT_GATE1 Pin=U6-43
Added Pin To Net: NetName=PIT_GATE0 Pin=U6-44
Added Pin To Net: NetName=PIC_SP/EN Pin=U7-44
