Removed Pin From Net: NetName=GPIO0_20 Pin=U1-18
Removed Pin From Net: NetName=GPIO0_23 Pin=U1-19
Removed Pin From Net: NetName=GPIO0_22 Pin=U1-20
Removed Pin From Net: NetName=GPIO0_25 Pin=U1-21
Removed Pin From Net: NetName=GPIO0_24 Pin=U1-22
Removed Pin From Net: NetName=GPIO0_27 Pin=U1-23
Removed Pin From Net: NetName=GPIO0_26 Pin=U1-24
Removed Pin From Net: NetName=GPIO0_29 Pin=U2-5
Removed Pin From Net: NetName=GPIO0_28 Pin=U2-6
Removed Pin From Net: NetName=GPIO0_31 Pin=U2-7
Removed Pin From Net: NetName=GPIO0_30 Pin=U2-8
Removed Pin From Net: NetName=GPIO0_33 Pin=U2-9
Removed Pin From Net: NetName=GPIO0_32 Pin=U2-10
Removed Pin From Net: NetName=GPIO0_35 Pin=U2-11
Removed Pin From Net: NetName=GPIO0_34 Pin=U2-12
Removed Pin From Net: NetName=GPIO2_0 Pin=U2-13
Removed Pin From Net: NetName=GPIO2_1 Pin=U2-14
Removed Pin From Net: NetName=GPIO2_2 Pin=U2-15
Removed Pin From Net: NetName=GPIO2_3 Pin=U2-16
Removed Pin From Net: NetName=GPIO2_4 Pin=U2-17
Removed Pin From Net: NetName=GPIO2_5 Pin=U2-18
Removed Pin From Net: NetName=GPIO2_6 Pin=U2-19
Removed Pin From Net: NetName=GPIO2_7 Pin=U2-20
Removed Pin From Net: NetName=GPIO2_8 Pin=U2-21
Removed Pin From Net: NetName=GPIO2_9 Pin=U2-22
Removed Pin From Net: NetName=GPIO2_10 Pin=U2-23
Removed Pin From Net: NetName=GPIO2_11 Pin=U2-24
Removed Pin From Net: NetName=GPIO2_12 Pin=U3-5
Removed Pin From Net: NetName=GPIO2_13 Pin=U3-6
Removed Pin From Net: NetName=GPIO2_14 Pin=U3-7
Removed Pin From Net: NetName=GPIO2_15 Pin=U3-8
Removed Pin From Net: NetName=GPIO2_16 Pin=U3-9
Removed Pin From Net: NetName=GPIO2_17 Pin=U3-10
Removed Pin From Net: NetName=GPIO2_18 Pin=U3-11
Removed Pin From Net: NetName=GPIO2_19 Pin=U3-12
Removed Pin From Net: NetName=GPIO2_20 Pin=U3-13
Removed Pin From Net: NetName=GPIO2_21 Pin=U3-14
Removed Pin From Net: NetName=GPIO2_22 Pin=U3-15
Removed Pin From Net: NetName=GPIO2_23 Pin=U3-16
Removed Pin From Net: NetName=GPIO2_24 Pin=U3-17
Removed Pin From Net: NetName=GPIO2_25 Pin=U3-18
Removed Pin From Net: NetName=GPIO2_26 Pin=U3-19
Removed Pin From Net: NetName=GPIO2_27 Pin=U3-20
Removed Pin From Net: NetName=GPIO3_17 Pin=U3-21
Removed Pin From Net: NetName=GPIO3_18 Pin=U3-22
Removed Pin From Net: NetName=GPIO3_15 Pin=U3-23
Removed Pin From Net: NetName=GPIO3_16 Pin=U3-24
Removed Pin From Net: NetName=GPIO3_13 Pin=U5-5
Removed Pin From Net: NetName=GPIO3_14 Pin=U5-6
Removed Pin From Net: NetName=GPIO3_11 Pin=U5-7
Removed Pin From Net: NetName=GPIO3_12 Pin=U5-8
Removed Pin From Net: NetName=GPIO3_9 Pin=U5-9
Removed Pin From Net: NetName=GPIO3_10 Pin=U5-10
Removed Pin From Net: NetName=GPIO3_7 Pin=U5-11
Removed Pin From Net: NetName=GPIO3_8 Pin=U5-12
Removed Pin From Net: NetName=GPIO1_0 Pin=U5-13
Removed Pin From Net: NetName=GPIO1_1 Pin=U5-14
Removed Pin From Net: NetName=GPIO1_2 Pin=U5-15
Removed Pin From Net: NetName=GPIO1_3 Pin=U5-16
Removed Pin From Net: NetName=GPIO1_4 Pin=U5-17
Removed Pin From Net: NetName=GPIO1_5 Pin=U5-18
Removed Pin From Net: NetName=GPIO1_6 Pin=U5-19
Removed Pin From Net: NetName=GPIO1_7 Pin=U5-20
Removed Pin From Net: NetName=GPIO1_8 Pin=U5-21
Removed Pin From Net: NetName=GPIO1_9 Pin=U5-22
Removed Pin From Net: NetName=GPIO1_10 Pin=U5-23
Removed Pin From Net: NetName=CONF_DONE Pin=U5-24
Added Pin To Net: NetName=CONF_DONE Pin=U1-18
Added Pin To Net: NetName=GPIO0_20 Pin=U1-19
Added Pin To Net: NetName=GPIO0_23 Pin=U1-20
Added Pin To Net: NetName=GPIO0_22 Pin=U1-21
Added Pin To Net: NetName=GPIO0_25 Pin=U1-22
Added Pin To Net: NetName=GPIO0_24 Pin=U1-23
Added Pin To Net: NetName=GPIO0_27 Pin=U1-24
Added Pin To Net: NetName=GPIO0_26 Pin=U2-5
Added Pin To Net: NetName=GPIO0_29 Pin=U2-6
Added Pin To Net: NetName=GPIO0_28 Pin=U2-7
Added Pin To Net: NetName=GPIO0_31 Pin=U2-8
Added Pin To Net: NetName=GPIO0_30 Pin=U2-9
Added Pin To Net: NetName=GPIO0_33 Pin=U2-10
Added Pin To Net: NetName=GPIO0_32 Pin=U2-11
Added Pin To Net: NetName=GPIO0_35 Pin=U2-12
Added Pin To Net: NetName=GPIO0_34 Pin=U2-13
Added Pin To Net: NetName=GPIO2_0 Pin=U2-14
Added Pin To Net: NetName=GPIO2_1 Pin=U2-15
Added Pin To Net: NetName=GPIO2_2 Pin=U2-16
Added Pin To Net: NetName=GPIO2_3 Pin=U2-17
Added Pin To Net: NetName=GPIO2_4 Pin=U2-18
Added Pin To Net: NetName=GPIO2_5 Pin=U2-19
Added Pin To Net: NetName=GPIO2_6 Pin=U2-20
Added Pin To Net: NetName=GPIO2_7 Pin=U2-21
Added Pin To Net: NetName=GPIO2_8 Pin=U2-22
Added Pin To Net: NetName=GPIO2_9 Pin=U2-23
Added Pin To Net: NetName=GPIO2_10 Pin=U2-24
Added Pin To Net: NetName=GPIO2_11 Pin=U3-5
Added Pin To Net: NetName=GPIO2_12 Pin=U3-6
Added Pin To Net: NetName=GPIO2_13 Pin=U3-7
Added Pin To Net: NetName=GPIO2_14 Pin=U3-8
Added Pin To Net: NetName=GPIO2_15 Pin=U3-9
Added Pin To Net: NetName=GPIO2_16 Pin=U3-10
Added Pin To Net: NetName=GPIO2_17 Pin=U3-11
Added Pin To Net: NetName=GPIO2_18 Pin=U3-12
Added Pin To Net: NetName=GPIO2_19 Pin=U3-13
Added Pin To Net: NetName=GPIO2_20 Pin=U3-14
Added Pin To Net: NetName=GPIO2_21 Pin=U3-15
Added Pin To Net: NetName=GPIO2_22 Pin=U3-16
Added Pin To Net: NetName=GPIO2_23 Pin=U3-17
Added Pin To Net: NetName=GPIO2_24 Pin=U3-18
Added Pin To Net: NetName=GPIO2_25 Pin=U3-19
Added Pin To Net: NetName=GPIO2_26 Pin=U3-20
Added Pin To Net: NetName=GPIO2_27 Pin=U3-21
Added Pin To Net: NetName=GPIO3_17 Pin=U3-22
Added Pin To Net: NetName=GPIO3_18 Pin=U3-23
Added Pin To Net: NetName=GPIO3_15 Pin=U3-24
Added Pin To Net: NetName=GPIO3_16 Pin=U5-5
Added Pin To Net: NetName=GPIO3_13 Pin=U5-6
Added Pin To Net: NetName=GPIO3_14 Pin=U5-7
Added Pin To Net: NetName=GPIO3_11 Pin=U5-8
Added Pin To Net: NetName=GPIO3_12 Pin=U5-9
Added Pin To Net: NetName=GPIO3_9 Pin=U5-10
Added Pin To Net: NetName=GPIO3_10 Pin=U5-11
Added Pin To Net: NetName=GPIO3_7 Pin=U5-12
Added Pin To Net: NetName=GPIO3_8 Pin=U5-13
Added Pin To Net: NetName=GPIO1_0 Pin=U5-14
Added Pin To Net: NetName=GPIO1_1 Pin=U5-15
Added Pin To Net: NetName=GPIO1_2 Pin=U5-16
Added Pin To Net: NetName=GPIO1_3 Pin=U5-17
Added Pin To Net: NetName=GPIO1_4 Pin=U5-18
Added Pin To Net: NetName=GPIO1_5 Pin=U5-19
Added Pin To Net: NetName=GPIO1_6 Pin=U5-20
Added Pin To Net: NetName=GPIO1_7 Pin=U5-21
Added Pin To Net: NetName=GPIO1_8 Pin=U5-22
Added Pin To Net: NetName=GPIO1_9 Pin=U5-23
Added Pin To Net: NetName=GPIO1_10 Pin=U5-24
Change Net Color : Old Net Color=RGB(158, 161, 117) New Net Color=Default
Added Member To Class: ClassName=i386 Member=Component U4 EP4CE6/10_FPGACore
