Removed Pin From Net: NetName=DMA_DREQ2 Pin=R69-1
Removed Pin From Net: NetName=PIT_GATE0 Pin=R70-1
Removed Pin From Net: NetName=PIC_SP/EN Pin=R71-1
Removed Pin From Net: NetName=DMA_DREQ3 Pin=R72-1
Removed Pin From Net: NetName=PIT_GATE1 Pin=R73-1
Removed Pin From Net: NetName=DMA_DACK3 Pin=R75-1
Removed Pin From Net: NetName=PIT_GATE2 Pin=R76-1
Removed Pin From Net: NetName=DMA_A0 Pin=R78-1
Removed Pin From Net: NetName=PIT_OUT0 Pin=R79-1
Removed Pin From Net: NetName=DMA_A1 Pin=R81-1
Removed Pin From Net: NetName=PIT_OUT1 Pin=R82-1
Removed Pin From Net: NetName=DMA_A2 Pin=R84-1
Removed Pin From Net: NetName=PIT_OUT2 Pin=R85-1
Removed Pin From Net: NetName=DMA_A3 Pin=R87-1
Removed Pin From Net: NetName=PIC_CS Pin=R88-1
Removed Pin From Net: NetName=DMA_A4 Pin=R90-1
Removed Pin From Net: NetName=PIC_WR Pin=R91-1
Removed Pin From Net: NetName=DMA_A5 Pin=R93-1
Removed Pin From Net: NetName=PIC_RD Pin=R94-1
Removed Pin From Net: NetName=DMA_A6 Pin=R96-1
Removed Pin From Net: NetName=PIC_A0 Pin=R97-1
Removed Pin From Net: NetName=DMA_A7 Pin=R99-1
Removed Pin From Net: NetName=PIC_INTA Pin=R100-1
Removed Pin From Net: NetName=PIT_CLK0 Pin=R102-1
Removed Pin From Net: NetName=PIC_IR0 Pin=R103-1
Removed Pin From Net: NetName=PIT_CLK1 Pin=R105-1
Removed Pin From Net: NetName=PIC_IR1 Pin=R106-1
Removed Pin From Net: NetName=PIT_CLK2 Pin=R108-1
Removed Pin From Net: NetName=PIC_IR2 Pin=R109-1
Removed Pin From Net: NetName=PIT_CS Pin=R111-1
Removed Pin From Net: NetName=PIC_IR3 Pin=R112-1
Removed Pin From Net: NetName=PIT_RD Pin=R114-1
Removed Pin From Net: NetName=PIC_IR4 Pin=R115-1
Removed Pin From Net: NetName=PIT_WR Pin=R117-1
Removed Pin From Net: NetName=PIC_IR5 Pin=R118-1
Removed Pin From Net: NetName=PIT_A0 Pin=R120-1
Removed Pin From Net: NetName=PIC_IR6 Pin=R121-1
Removed Pin From Net: NetName=PIT_A1 Pin=R123-1
Removed Pin From Net: NetName=PIC_IR7 Pin=R124-1
Removed Pin From Net: NetName=PIC_INT Pin=R126-1
Removed Pin From Net: NetName=PIT_A1 Pin=U5-25
Removed Pin From Net: NetName=PIT_A0 Pin=U5-26
Removed Pin From Net: NetName=PIT_WR Pin=U5-27
Removed Pin From Net: NetName=PIT_RD Pin=U5-28
Removed Pin From Net: NetName=PIT_CS Pin=U5-29
Removed Pin From Net: NetName=PIT_CLK2 Pin=U5-30
Removed Pin From Net: NetName=PIT_CLK1 Pin=U5-31
Removed Pin From Net: NetName=PIT_CLK0 Pin=U5-32
Removed Pin From Net: NetName=DMA_A7 Pin=U5-33
Removed Pin From Net: NetName=DMA_A6 Pin=U5-34
Removed Pin From Net: NetName=DMA_A5 Pin=U5-35
Removed Pin From Net: NetName=DMA_A4 Pin=U5-36
Removed Pin From Net: NetName=DMA_A3 Pin=U5-37
Removed Pin From Net: NetName=DMA_A2 Pin=U5-38
Removed Pin From Net: NetName=DMA_A1 Pin=U5-39
Removed Pin From Net: NetName=DMA_A0 Pin=U5-40
Removed Pin From Net: NetName=DMA_DACK3 Pin=U5-41
Removed Pin From Net: NetName=DMA_DREQ3 Pin=U5-42
Removed Pin From Net: NetName=DMA_DREQ2 Pin=U5-43
Removed Pin From Net: NetName=PIC_INT Pin=U6-25
Removed Pin From Net: NetName=PIC_IR7 Pin=U6-26
Removed Pin From Net: NetName=PIC_IR6 Pin=U6-27
Removed Pin From Net: NetName=PIC_IR5 Pin=U6-28
Removed Pin From Net: NetName=PIC_IR4 Pin=U6-29
Removed Pin From Net: NetName=PIC_IR3 Pin=U6-30
Removed Pin From Net: NetName=PIC_IR2 Pin=U6-31
Removed Pin From Net: NetName=PIC_IR1 Pin=U6-32
Removed Pin From Net: NetName=PIC_IR0 Pin=U6-33
Removed Pin From Net: NetName=PIC_INTA Pin=U6-34
Removed Pin From Net: NetName=PIC_A0 Pin=U6-35
Removed Pin From Net: NetName=PIC_RD Pin=U6-36
Removed Pin From Net: NetName=PIC_WR Pin=U6-37
Removed Pin From Net: NetName=PIC_CS Pin=U6-38
Removed Pin From Net: NetName=PIT_OUT2 Pin=U6-39
Removed Pin From Net: NetName=PIT_OUT1 Pin=U6-40
Removed Pin From Net: NetName=PIT_OUT0 Pin=U6-41
Removed Pin From Net: NetName=PIT_GATE2 Pin=U6-42
Removed Pin From Net: NetName=PIT_GATE1 Pin=U6-43
Removed Pin From Net: NetName=PIT_GATE0 Pin=U6-44
Removed Pin From Net: NetName=PIC_SP/EN Pin=U7-44
Added Pin To Net: NetName=PIT_CLK0 Pin=R69-1
Added Pin To Net: NetName=PIC_IR0 Pin=R70-1
Added Pin To Net: NetName=DMA_A7 Pin=R71-1
Added Pin To Net: NetName=PIT_CLK1 Pin=R72-1
Added Pin To Net: NetName=PIC_IR1 Pin=R73-1
Added Pin To Net: NetName=PIT_CLK2 Pin=R75-1
Added Pin To Net: NetName=PIC_IR2 Pin=R76-1
Added Pin To Net: NetName=PIT_CS Pin=R78-1
Added Pin To Net: NetName=PIC_IR3 Pin=R79-1
Added Pin To Net: NetName=PIT_RD Pin=R81-1
Added Pin To Net: NetName=PIC_IR4 Pin=R82-1
Added Pin To Net: NetName=PIT_WR Pin=R84-1
Added Pin To Net: NetName=PIC_IR5 Pin=R85-1
Added Pin To Net: NetName=PIT_A0 Pin=R87-1
Added Pin To Net: NetName=PIC_IR6 Pin=R88-1
Added Pin To Net: NetName=PIT_A1 Pin=R90-1
Added Pin To Net: NetName=PIC_IR7 Pin=R91-1
Added Pin To Net: NetName=PIT_GATE0 Pin=R93-1
Added Pin To Net: NetName=PIC_INT Pin=R94-1
Added Pin To Net: NetName=PIT_GATE1 Pin=R96-1
Added Pin To Net: NetName=PIC_SP/EN Pin=R97-1
Added Pin To Net: NetName=PIT_GATE2 Pin=R99-1
Added Pin To Net: NetName=DMA_DREQ2 Pin=R100-1
Added Pin To Net: NetName=PIT_OUT0 Pin=R102-1
Added Pin To Net: NetName=DMA_DREQ3 Pin=R103-1
Added Pin To Net: NetName=PIT_OUT1 Pin=R105-1
Added Pin To Net: NetName=DMA_DACK3 Pin=R106-1
Added Pin To Net: NetName=PIT_OUT2 Pin=R108-1
Added Pin To Net: NetName=DMA_A0 Pin=R109-1
Added Pin To Net: NetName=PIC_CS Pin=R111-1
Added Pin To Net: NetName=DMA_A1 Pin=R112-1
Added Pin To Net: NetName=PIC_WR Pin=R114-1
Added Pin To Net: NetName=DMA_A2 Pin=R115-1
Added Pin To Net: NetName=PIC_RD Pin=R117-1
Added Pin To Net: NetName=DMA_A3 Pin=R118-1
Added Pin To Net: NetName=PIC_A0 Pin=R120-1
Added Pin To Net: NetName=DMA_A4 Pin=R121-1
Added Pin To Net: NetName=PIC_INTA Pin=R123-1
Added Pin To Net: NetName=DMA_A5 Pin=R124-1
Added Pin To Net: NetName=DMA_A6 Pin=R126-1
Added Pin To Net: NetName=PIC_INTA Pin=U5-25
Added Pin To Net: NetName=PIC_A0 Pin=U5-26
Added Pin To Net: NetName=PIC_RD Pin=U5-27
Added Pin To Net: NetName=PIC_WR Pin=U5-28
Added Pin To Net: NetName=PIC_CS Pin=U5-29
Added Pin To Net: NetName=PIT_OUT2 Pin=U5-30
Added Pin To Net: NetName=PIT_OUT1 Pin=U5-31
Added Pin To Net: NetName=PIT_OUT0 Pin=U5-32
Added Pin To Net: NetName=PIT_GATE2 Pin=U5-33
Added Pin To Net: NetName=PIT_GATE1 Pin=U5-34
Added Pin To Net: NetName=PIT_GATE0 Pin=U5-35
Added Pin To Net: NetName=PIT_A1 Pin=U5-36
Added Pin To Net: NetName=PIT_A0 Pin=U5-37
Added Pin To Net: NetName=PIT_WR Pin=U5-38
Added Pin To Net: NetName=PIT_RD Pin=U5-39
Added Pin To Net: NetName=PIT_CS Pin=U5-40
Added Pin To Net: NetName=PIT_CLK2 Pin=U5-41
Added Pin To Net: NetName=PIT_CLK1 Pin=U5-42
Added Pin To Net: NetName=PIT_CLK0 Pin=U5-43
Added Pin To Net: NetName=DMA_A6 Pin=U6-25
Added Pin To Net: NetName=DMA_A5 Pin=U6-26
Added Pin To Net: NetName=DMA_A4 Pin=U6-27
Added Pin To Net: NetName=DMA_A3 Pin=U6-28
Added Pin To Net: NetName=DMA_A2 Pin=U6-29
Added Pin To Net: NetName=DMA_A1 Pin=U6-30
Added Pin To Net: NetName=DMA_A0 Pin=U6-31
Added Pin To Net: NetName=DMA_DACK3 Pin=U6-32
Added Pin To Net: NetName=DMA_DREQ3 Pin=U6-33
Added Pin To Net: NetName=DMA_DREQ2 Pin=U6-34
Added Pin To Net: NetName=PIC_SP/EN Pin=U6-35
Added Pin To Net: NetName=PIC_INT Pin=U6-36
Added Pin To Net: NetName=PIC_IR7 Pin=U6-37
Added Pin To Net: NetName=PIC_IR6 Pin=U6-38
Added Pin To Net: NetName=PIC_IR5 Pin=U6-39
Added Pin To Net: NetName=PIC_IR4 Pin=U6-40
Added Pin To Net: NetName=PIC_IR3 Pin=U6-41
Added Pin To Net: NetName=PIC_IR2 Pin=U6-42
Added Pin To Net: NetName=PIC_IR1 Pin=U6-43
Added Pin To Net: NetName=PIC_IR0 Pin=U6-44
Added Pin To Net: NetName=DMA_A7 Pin=U7-44
