Removed Pin From Net: NetName=UART_RX Pin=U4-122
Removed Pin From Net: NetName=UART_RX Pin=U4-122
Removed Pin From Net: NetName=UART_RX Pin=U4-122
Removed Pin From Net: NetName=UART_RX Pin=U4-122
Removed Pin From Net: NetName=UART_TX Pin=U4-123
Removed Pin From Net: NetName=UART_TX Pin=U4-123
Removed Pin From Net: NetName=UART_TX Pin=U4-123
Removed Pin From Net: NetName=UART_TX Pin=U4-123
Removed Pin From Net: NetName=SPI_CLK Pin=U4-132
Removed Pin From Net: NetName=SPI_CLK Pin=U4-132
Removed Pin From Net: NetName=SPI_CLK Pin=U4-132
Removed Pin From Net: NetName=SPI_CLK Pin=U4-132
Removed Pin From Net: NetName=SPI_CS Pin=U4-133
Removed Pin From Net: NetName=SPI_CS Pin=U4-133
Removed Pin From Net: NetName=SPI_CS Pin=U4-133
Removed Pin From Net: NetName=SPI_CS Pin=U4-133
Added Pin To Net: NetName=SPI_CLK Pin=U4-122
Added Pin To Net: NetName=SPI_CLK Pin=U4-122
Added Pin To Net: NetName=SPI_CLK Pin=U4-122
Added Pin To Net: NetName=SPI_CLK Pin=U4-122
Added Pin To Net: NetName=SPI_CS Pin=U4-123
Added Pin To Net: NetName=SPI_CS Pin=U4-123
Added Pin To Net: NetName=SPI_CS Pin=U4-123
Added Pin To Net: NetName=SPI_CS Pin=U4-123
Added Pin To Net: NetName=UART_RX Pin=U4-132
Added Pin To Net: NetName=UART_RX Pin=U4-132
Added Pin To Net: NetName=UART_RX Pin=U4-132
Added Pin To Net: NetName=UART_RX Pin=U4-132
Added Pin To Net: NetName=UART_TX Pin=U4-133
Added Pin To Net: NetName=UART_TX Pin=U4-133
Added Pin To Net: NetName=UART_TX Pin=U4-133
Added Pin To Net: NetName=UART_TX Pin=U4-133
