Added Component: Designator=U6(TSSOP50P810X120-48N)
Added Pin To Net: NetName=GND Pin=U6-1
Added Pin To Net: NetName=VDD3.3 Pin=U6-2
Added Pin To Net: NetName=GPIO1_11 Pin=U6-5
Added Pin To Net: NetName=GPIO1_12 Pin=U6-6
Added Pin To Net: NetName=GPIO1_13 Pin=U6-7
Added Pin To Net: NetName=GPIO1_14 Pin=U6-8
Added Pin To Net: NetName=GPIO1_15 Pin=U6-9
Added Pin To Net: NetName=GPIO1_16 Pin=U6-10
Added Pin To Net: NetName=GPIO1_17 Pin=U6-11
Added Pin To Net: NetName=GPIO1_18 Pin=U6-12
Added Pin To Net: NetName=GPIO1_19 Pin=U6-13
Added Pin To Net: NetName=GPIO1_20 Pin=U6-14
Added Pin To Net: NetName=GPIO1_21 Pin=U6-15
Added Pin To Net: NetName=GPIO1_22 Pin=U6-16
Added Pin To Net: NetName=GPIO1_23 Pin=U6-17
Added Pin To Net: NetName=GPIO1_24 Pin=U6-18
Added Pin To Net: NetName=GPIO1_25 Pin=U6-19
Added Pin To Net: NetName=GPIO1_26 Pin=U6-20
Added Pin To Net: NetName=GPIO1_27 Pin=U6-21
Added Pin To Net: NetName=GPIO1_28 Pin=U6-22
Added Pin To Net: NetName=GPIO1_29 Pin=U6-23
Added Pin To Net: NetName=GPIO1_30 Pin=U6-24
Added Pin To Net: NetName=DMA_A1 Pin=U6-25
Added Pin To Net: NetName=DMA_A2 Pin=U6-29
Added Pin To Net: NetName=DMA_DREQ3 Pin=U6-30
Added Pin To Net: NetName=DMA_A0 Pin=U6-31
Added Pin To Net: NetName=DMA_A3 Pin=U6-31
Added Pin To Net: NetName=DMA_A4 Pin=U6-32
Added Pin To Net: NetName=DMA_DACK3 Pin=U6-32
Added Pin To Net: NetName=DMA_A6 Pin=U6-33
Added Pin To Net: NetName=DMA_A5 Pin=U6-34
Added Pin To Net: NetName=DMA_DREQ2 Pin=U6-34
Added Pin To Net: NetName=PIC_SP/EN Pin=U6-35
Added Pin To Net: NetName=PIC_INT Pin=U6-36
Added Pin To Net: NetName=PIC_IR7 Pin=U6-37
Added Pin To Net: NetName=PIC_IR6 Pin=U6-38
Added Pin To Net: NetName=PIC_IR5 Pin=U6-39
Added Pin To Net: NetName=PIC_IR4 Pin=U6-40
Added Pin To Net: NetName=PIC_IR3 Pin=U6-41
Added Pin To Net: NetName=PIC_IR2 Pin=U6-42
Added Pin To Net: NetName=PIC_IR1 Pin=U6-43
Added Pin To Net: NetName=PIC_IR0 Pin=U6-44
Added Pin To Net: NetName=NetR66_1 Pin=U6-47
Added Pin To Net: NetName=NetR66_1 Pin=U6-48
Added Member To Class: ClassName=i386 Member=Component U6 SN74TVC16222A
