Removed Pin From Net: NetName=CPU_BHE# Pin=R6-1
Removed Pin From Net: NetName=CPU_BLE# Pin=R9-1
Removed Pin From Net: NetName=CPU_CLK2 Pin=R12-1
Removed Pin From Net: NetName=CPU_D/C# Pin=R15-1
Removed Pin From Net: NetName=CPU_FLT# Pin=R18-1
Removed Pin From Net: NetName=CPU_HLDA Pin=R21-1
Removed Pin From Net: NetName=CPU_HOLD Pin=R24-1
Removed Pin From Net: NetName=CPU_INTR Pin=R27-1
Removed Pin From Net: NetName=CPU_LOCK# Pin=R30-1
Removed Pin From Net: NetName=CPU_M/IO# Pin=R33-1
Removed Pin From Net: NetName=CPU_NA# Pin=R36-1
Removed Pin From Net: NetName=CPU_NMI Pin=R39-1
Removed Pin From Net: NetName=CPU_PEREQ Pin=R42-1
Removed Pin From Net: NetName=CPU_READY# Pin=R45-1
Removed Pin From Net: NetName=CPU_RESET Pin=R48-1
Removed Pin From Net: NetName=CPU_W/R# Pin=R51-1
Removed Pin From Net: NetName=SRAM_OE# Pin=R54-1
Removed Pin From Net: NetName=SRAM_WE# Pin=R57-1
Removed Pin From Net: NetName=SRAM_CE# Pin=R60-1
Removed Pin From Net: NetName=SRAM_UB# Pin=R63-1
Removed Pin From Net: NetName=SRAM_UB# Pin=U3-25
Removed Pin From Net: NetName=SRAM_CE# Pin=U3-26
Removed Pin From Net: NetName=SRAM_WE# Pin=U3-27
Removed Pin From Net: NetName=SRAM_OE# Pin=U3-28
Removed Pin From Net: NetName=CPU_W/R# Pin=U3-29
Removed Pin From Net: NetName=CPU_RESET Pin=U3-30
Removed Pin From Net: NetName=CPU_READY# Pin=U3-31
Removed Pin From Net: NetName=CPU_PEREQ Pin=U3-32
Removed Pin From Net: NetName=CPU_NMI Pin=U3-33
Removed Pin From Net: NetName=CPU_NA# Pin=U3-34
Removed Pin From Net: NetName=CPU_M/IO# Pin=U3-35
Removed Pin From Net: NetName=CPU_LOCK# Pin=U3-36
Removed Pin From Net: NetName=CPU_INTR Pin=U3-37
Removed Pin From Net: NetName=CPU_HOLD Pin=U3-38
Removed Pin From Net: NetName=CPU_HLDA Pin=U3-39
Removed Pin From Net: NetName=CPU_FLT# Pin=U3-40
Removed Pin From Net: NetName=CPU_D/C# Pin=U3-41
Removed Pin From Net: NetName=CPU_CLK2 Pin=U3-42
Removed Pin From Net: NetName=CPU_BLE# Pin=U3-43
Removed Pin From Net: NetName=CPU_BHE# Pin=U3-44
Added Pin To Net: NetName=SRAM_OE# Pin=R6-1
Added Pin To Net: NetName=SRAM_WE# Pin=R9-1
Added Pin To Net: NetName=SRAM_CE# Pin=R12-1
Added Pin To Net: NetName=SRAM_UB# Pin=R15-1
Added Pin To Net: NetName=CPU_BHE# Pin=R18-1
Added Pin To Net: NetName=CPU_BLE# Pin=R21-1
Added Pin To Net: NetName=CPU_CLK2 Pin=R24-1
Added Pin To Net: NetName=CPU_D/C# Pin=R27-1
Added Pin To Net: NetName=CPU_FLT# Pin=R30-1
Added Pin To Net: NetName=CPU_HLDA Pin=R33-1
Added Pin To Net: NetName=CPU_HOLD Pin=R36-1
Added Pin To Net: NetName=CPU_INTR Pin=R39-1
Added Pin To Net: NetName=CPU_LOCK# Pin=R42-1
Added Pin To Net: NetName=CPU_M/IO# Pin=R45-1
Added Pin To Net: NetName=CPU_NA# Pin=R48-1
Added Pin To Net: NetName=CPU_NMI Pin=R51-1
Added Pin To Net: NetName=CPU_PEREQ Pin=R54-1
Added Pin To Net: NetName=CPU_READY# Pin=R57-1
Added Pin To Net: NetName=CPU_RESET Pin=R60-1
Added Pin To Net: NetName=CPU_W/R# Pin=R63-1
Added Pin To Net: NetName=CPU_W/R# Pin=U3-25
Added Pin To Net: NetName=CPU_RESET Pin=U3-26
Added Pin To Net: NetName=CPU_READY# Pin=U3-27
Added Pin To Net: NetName=CPU_PEREQ Pin=U3-28
Added Pin To Net: NetName=CPU_NMI Pin=U3-29
Added Pin To Net: NetName=CPU_NA# Pin=U3-30
Added Pin To Net: NetName=CPU_M/IO# Pin=U3-31
Added Pin To Net: NetName=CPU_LOCK# Pin=U3-32
Added Pin To Net: NetName=CPU_INTR Pin=U3-33
Added Pin To Net: NetName=CPU_HOLD Pin=U3-34
Added Pin To Net: NetName=CPU_HLDA Pin=U3-35
Added Pin To Net: NetName=CPU_FLT# Pin=U3-36
Added Pin To Net: NetName=CPU_D/C# Pin=U3-37
Added Pin To Net: NetName=CPU_CLK2 Pin=U3-38
Added Pin To Net: NetName=CPU_BLE# Pin=U3-39
Added Pin To Net: NetName=CPU_BHE# Pin=U3-40
Added Pin To Net: NetName=SRAM_UB# Pin=U3-41
Added Pin To Net: NetName=SRAM_CE# Pin=U3-42
Added Pin To Net: NetName=SRAM_WE# Pin=U3-43
Added Pin To Net: NetName=SRAM_OE# Pin=U3-44
