Removed Pin From Net: NetName=DMA_DREQ2 Pin=R100-1
Removed Pin From Net: NetName=DMA_DREQ3 Pin=R103-1
Removed Pin From Net: NetName=DMA_DACK3 Pin=R106-1
Removed Pin From Net: NetName=DMA_A0 Pin=R109-1
Removed Pin From Net: NetName=DMA_A1 Pin=R112-1
Removed Pin From Net: NetName=DMA_A3 Pin=R118-1
Removed Pin From Net: NetName=DMA_A4 Pin=R121-1
Removed Pin From Net: NetName=DMA_A5 Pin=R124-1
Removed Pin From Net: NetName=DMA_A6 Pin=R126-1
Removed Pin From Net: NetName=DMA_A6 Pin=U6-25
Removed Pin From Net: NetName=DMA_A5 Pin=U6-26
Removed Pin From Net: NetName=DMA_A4 Pin=U6-27
Removed Pin From Net: NetName=DMA_A3 Pin=U6-28
Removed Pin From Net: NetName=DMA_A1 Pin=U6-30
Removed Pin From Net: NetName=DMA_DREQ3 Pin=U6-33
Added Pin To Net: NetName=DMA_A5 Pin=R100-1
Added Pin To Net: NetName=DMA_A6 Pin=R103-1
Added Pin To Net: NetName=DMA_A4 Pin=R106-1
Added Pin To Net: NetName=DMA_A3 Pin=R109-1
Added Pin To Net: NetName=DMA_DREQ3 Pin=R112-1
Added Pin To Net: NetName=DMA_A1 Pin=R118-1
Added Pin To Net: NetName=DMA_DACK3 Pin=R121-1
Added Pin To Net: NetName=DMA_A0 Pin=R124-1
Added Pin To Net: NetName=DMA_DREQ2 Pin=R126-1
Added Pin To Net: NetName=DMA_A1 Pin=U6-25
Added Pin To Net: NetName=DMA_DREQ3 Pin=U6-30
Added Pin To Net: NetName=DMA_A3 Pin=U6-31
Added Pin To Net: NetName=DMA_A4 Pin=U6-32
Added Pin To Net: NetName=DMA_A6 Pin=U6-33
Added Pin To Net: NetName=DMA_A5 Pin=U6-34
