Removed Pin From Net: NetName=DMA_A7 Pin=R71-1
Removed Pin From Net: NetName=DMA_IOR Pin=R74-1
Removed Pin From Net: NetName=DMA_IOW Pin=R77-1
Removed Pin From Net: NetName=DMA_MEMR Pin=R80-1
Removed Pin From Net: NetName=DMA_MEMW Pin=R83-1
Removed Pin From Net: NetName=DMA_READY Pin=R86-1
Removed Pin From Net: NetName=DMA_HLDA Pin=R89-1
Removed Pin From Net: NetName=DMA_ADSTB Pin=R92-1
Removed Pin From Net: NetName=DMA_AEN Pin=R95-1
Removed Pin From Net: NetName=DMA_HRQ Pin=R98-1
Removed Pin From Net: NetName=DMA_CS Pin=R101-1
Removed Pin From Net: NetName=DMA_CLK Pin=R104-1
Removed Pin From Net: NetName=DMA_RESET Pin=R107-1
Removed Pin From Net: NetName=DMA_DACK2 Pin=R110-1
Removed Pin From Net: NetName=DMA_EOP Pin=R113-1
Removed Pin From Net: NetName=DMA_DACK0 Pin=R116-1
Removed Pin From Net: NetName=DMA_DACK1 Pin=R119-1
Removed Pin From Net: NetName=DMA_DREQ0 Pin=R122-1
Removed Pin From Net: NetName=DMA_DREQ1 Pin=R125-1
Removed Pin From Net: NetName=DMA_DREQ1 Pin=U7-26
Removed Pin From Net: NetName=DMA_DREQ0 Pin=U7-27
Removed Pin From Net: NetName=DMA_DACK1 Pin=U7-28
Removed Pin From Net: NetName=DMA_DACK0 Pin=U7-29
Removed Pin From Net: NetName=DMA_EOP Pin=U7-30
Removed Pin From Net: NetName=DMA_DACK2 Pin=U7-31
Removed Pin From Net: NetName=DMA_RESET Pin=U7-32
Removed Pin From Net: NetName=DMA_CLK Pin=U7-33
Removed Pin From Net: NetName=DMA_CS Pin=U7-34
Removed Pin From Net: NetName=DMA_HRQ Pin=U7-35
Removed Pin From Net: NetName=DMA_AEN Pin=U7-36
Removed Pin From Net: NetName=DMA_ADSTB Pin=U7-37
Removed Pin From Net: NetName=DMA_HLDA Pin=U7-38
Removed Pin From Net: NetName=DMA_READY Pin=U7-39
Removed Pin From Net: NetName=DMA_MEMW Pin=U7-40
Removed Pin From Net: NetName=DMA_MEMR Pin=U7-41
Removed Pin From Net: NetName=DMA_IOW Pin=U7-42
Removed Pin From Net: NetName=DMA_IOR Pin=U7-43
Removed Pin From Net: NetName=DMA_A7 Pin=U7-44
Added Pin To Net: NetName=DMA_IOW Pin=R71-1
Added Pin To Net: NetName=DMA_MEMW Pin=R74-1
Added Pin To Net: NetName=DMA_READY Pin=R77-1
Added Pin To Net: NetName=DMA_A7 Pin=R80-1
Added Pin To Net: NetName=DMA_MEMR Pin=R83-1
Added Pin To Net: NetName=DMA_IOR Pin=R86-1
Added Pin To Net: NetName=DMA_EOP Pin=R89-1
Added Pin To Net: NetName=DMA_HLDA Pin=R92-1
Added Pin To Net: NetName=DMA_ADSTB Pin=R95-1
Added Pin To Net: NetName=DMA_AEN Pin=R98-1
Added Pin To Net: NetName=DMA_HRQ Pin=R101-1
Added Pin To Net: NetName=DMA_CS Pin=R104-1
Added Pin To Net: NetName=DMA_CLK Pin=R107-1
Added Pin To Net: NetName=DMA_RESET Pin=R110-1
Added Pin To Net: NetName=DMA_DACK2 Pin=R113-1
Added Pin To Net: NetName=DMA_DREQ1 Pin=R116-1
Added Pin To Net: NetName=DMA_DREQ0 Pin=R119-1
Added Pin To Net: NetName=DMA_DACK1 Pin=R122-1
Added Pin To Net: NetName=DMA_DACK0 Pin=R125-1
Added Pin To Net: NetName=DMA_DACK0 Pin=U7-26
Added Pin To Net: NetName=DMA_DACK1 Pin=U7-27
Added Pin To Net: NetName=DMA_DREQ0 Pin=U7-28
Added Pin To Net: NetName=DMA_DREQ1 Pin=U7-29
Added Pin To Net: NetName=DMA_DACK2 Pin=U7-30
Added Pin To Net: NetName=DMA_RESET Pin=U7-31
Added Pin To Net: NetName=DMA_CLK Pin=U7-32
Added Pin To Net: NetName=DMA_CS Pin=U7-33
Added Pin To Net: NetName=DMA_HRQ Pin=U7-34
Added Pin To Net: NetName=DMA_AEN Pin=U7-35
Added Pin To Net: NetName=DMA_ADSTB Pin=U7-36
Added Pin To Net: NetName=DMA_HLDA Pin=U7-37
Added Pin To Net: NetName=DMA_EOP Pin=U7-38
Added Pin To Net: NetName=DMA_IOR Pin=U7-39
Added Pin To Net: NetName=DMA_MEMR Pin=U7-40
Added Pin To Net: NetName=DMA_A7 Pin=U7-41
Added Pin To Net: NetName=DMA_READY Pin=U7-42
Added Pin To Net: NetName=DMA_MEMW Pin=U7-43
Added Pin To Net: NetName=DMA_IOW Pin=U7-44
